0.084
0.085
0.085
0.085
0.085
0.09
0.091
0.091
0.091
0.088
0.086
0.086
0.088
0.088
0.089
0.089
0.09
0.097
0.099
0.098
0.097
0.093
0.09
0.09
0.089
0.089
0.089
0.088
0.089
0.095
0.095
0.095
0.095
0.091
0.089
0.089
0.089
0.089
0.089
0.091
0.092
0.097
0.098
0.098
0.098
0.093
0.09
0.09
0.091
0.091
0.091
0.091
0.093
0.099
0.099
0.1
0.099
0.094
0.092
0.092
0.094
0.094
0.094
0.095
0.097
0.104
0.105
0.105
0.106
0.102
0.102
0.102
0.103437
0.103437
0.104437
0.104437
0.105437
0.113437
0.113437
0.113437
0.113437
0.107437
0.105437
0.105437
0.108437
0.108437
0.108437
0.108437
0.110437
0.117437
0.117437
0.116437
0.116437
0.112437
0.110437
0.110437
0.111437
0.111437
0.111437
0.113437
0.115437
0.123437
0.126437
0.127437
0.125437
0.121437
0.118437
0.119437
0.121437
0.121437
0.121437
0.120437
0.121437
0.127437
0.126437
0.125437
0.125437
0.121437
0.119437
0.119437
0.119437
0.118437
0.120437
0.121437
0.122437
0.127437
0.128437
0.128437
0.127437
0.122437
0.120437
0.120437
0.120437
0.120437
0.122437
0.122437
0.124437
0.129437
0.130437
0.130437
0.130437
0.125437
0.123437
0.122437
0.123437
0.123437
0.122437
0.122437
0.124437
0.130437
0.128437
0.128437
0.128437
0.123437
0.122437
0.122437
0.124437
0.124437
0.123437
0.123437
0.126437
0.132437
0.132437
0.132437
0.132437
0.127437
0.125437
0.126437
0.129437
0.129437
0.130437
0.1306029
0.131437
0.138437
0.138437
0.138437
0.136437
0.131437
0.129437
0.130437
0.133437
0.133437
0.131437
0.132437
0.132437
0.138437
0.137437
0.137437
0.136437
0.131437
0.129437
0.128437
0.129437
0.129437
0.129437
0.129437
0.128437
0.133437
0.134437
0.134437
0.134437
0.129437
0.126437
0.128437
0.129437
0.130437
0.129437
0.130437
0.132437
0.137437
0.138437
0.137437
0.137437
0.132437
0.131437
0.131437
0.130437
0.130437
0.130437
0.129437
0.131437
0.134437
0.134437
0.134437
0.133437
0.131437
0.129437
0.130437
0.130437
0.131437
0.130437
0.130437
0.131437
0.134437
0.135437
0.134437
0.134437
0.131437
0.128437
0.128437
0.129437
